[debug] [2023-06-22T17:27:44.740Z] ----------------------------------------------------------------------
[debug] [2023-06-22T17:27:44.742Z] Command:       C:\Program Files\nodejs\node.exe C:\Users\anura\AppData\Roaming\npm\node_modules\firebase-tools\lib\bin\firebase.js emulators:start
[debug] [2023-06-22T17:27:44.742Z] CLI Version:   12.4.0
[debug] [2023-06-22T17:27:44.742Z] Platform:      win32
[debug] [2023-06-22T17:27:44.742Z] Node Version:  v18.12.1
[debug] [2023-06-22T17:27:44.743Z] Time:          Thu Jun 22 2023 22:57:44 GMT+0530 (India Standard Time)
[debug] [2023-06-22T17:27:44.743Z] ----------------------------------------------------------------------
[debug] 
[debug] [2023-06-22T17:27:44.832Z] > command requires scopes: ["email","openid","https://www.googleapis.com/auth/cloudplatformprojects.readonly","https://www.googleapis.com/auth/firebase","https://www.googleapis.com/auth/cloud-platform"]
[debug] [2023-06-22T17:27:44.832Z] > authorizing via signed-in user (singhanura.16@gmail.com)
[info] i  emulators: Starting emulators: functions, hosting {"metadata":{"emulator":{"name":"hub"},"message":"Starting emulators: functions, hosting"}}
[debug] [2023-06-22T17:27:44.843Z] [logging] Logging Emulator only supports listening on one address (127.0.0.1). Not listening on ::1
[debug] [2023-06-22T17:27:44.844Z] [hosting] Hosting Emulator only supports listening on one address (127.0.0.1). Not listening on ::1
[debug] [2023-06-22T17:27:44.845Z] assigned listening specs for emulators {"user":{"hub":[{"address":"127.0.0.1","family":"IPv4","port":4400},{"address":"::1","family":"IPv6","port":4400}],"ui":[{"address":"127.0.0.1","family":"IPv4","port":4000},{"address":"::1","family":"IPv6","port":4000}],"logging":[{"address":"127.0.0.1","family":"IPv4","port":4500}],"hosting":[{"address":"127.0.0.1","family":"IPv4","port":5000}]},"metadata":{"message":"assigned listening specs for emulators"}}
[debug] [2023-06-22T17:27:44.867Z] [hub] writing locator at C:\Users\anura\AppData\Local\Temp\hub-clone-3194a.json
[debug] [2023-06-22T17:27:44.884Z] [functions] Functions Emulator only supports listening on one address (127.0.0.1). Not listening on ::1
[debug] [2023-06-22T17:27:44.884Z] [eventarc] Eventarc Emulator only supports listening on one address (127.0.0.1). Not listening on ::1
[debug] [2023-06-22T17:27:44.885Z] late-assigned ports for functions and eventarc emulators {"user":{"hub":[{"address":"127.0.0.1","family":"IPv4","port":4400},{"address":"::1","family":"IPv6","port":4400}],"ui":[{"address":"127.0.0.1","family":"IPv4","port":4000},{"address":"::1","family":"IPv6","port":4000}],"logging":[{"address":"127.0.0.1","family":"IPv4","port":4500}],"hosting":[{"address":"127.0.0.1","family":"IPv4","port":5000}],"functions":[{"address":"127.0.0.1","family":"IPv4","port":5001}],"eventarc":[{"address":"127.0.0.1","family":"IPv4","port":9299}]},"metadata":{"message":"late-assigned ports for functions and eventarc emulators"}}
[warn] !  functions: The following emulators are not running, calls to these services from the Functions emulator will affect production: auth, firestore, database, pubsub, storage {"metadata":{"emulator":{"name":"functions"},"message":"The following emulators are not running, calls to these services from the Functions emulator will affect production: \u001b[1mauth, firestore, database, pubsub, storage\u001b[22m"}}
[debug] [2023-06-22T17:27:44.896Z] defaultcredentials: writing to file C:\Users\anura\AppData\Roaming\firebase\singhanura_16_gmail.com_application_default_credentials.json
[debug] [2023-06-22T17:27:44.906Z] Setting GAC to C:\Users\anura\AppData\Roaming\firebase\singhanura_16_gmail.com_application_default_credentials.json {"metadata":{"emulator":{"name":"functions"},"message":"Setting GAC to C:\\Users\\anura\\AppData\\Roaming\\firebase\\singhanura_16_gmail.com_application_default_credentials.json"}}
[debug] [2023-06-22T17:27:44.908Z] >>> [apiv2][query] GET https://firebase.googleapis.com/v1beta1/projects/clone-3194a/adminSdkConfig [none]
[debug] [2023-06-22T17:27:45.724Z] <<< [apiv2][status] GET https://firebase.googleapis.com/v1beta1/projects/clone-3194a/adminSdkConfig 200
[debug] [2023-06-22T17:27:45.724Z] <<< [apiv2][body] GET https://firebase.googleapis.com/v1beta1/projects/clone-3194a/adminSdkConfig {"projectId":"clone-3194a","storageBucket":"clone-3194a.appspot.com"}
[debug] [2023-06-22T17:27:45.749Z] >>> [apiv2][query] GET https://firebasehosting.googleapis.com/v1beta1/projects/clone-3194a/sites 
[debug] [2023-06-22T17:27:46.991Z] <<< [apiv2][status] GET https://firebasehosting.googleapis.com/v1beta1/projects/clone-3194a/sites 200
[debug] [2023-06-22T17:27:46.991Z] <<< [apiv2][body] GET https://firebasehosting.googleapis.com/v1beta1/projects/clone-3194a/sites {"sites":[{"name":"projects/clone-3194a/sites/clone-3194a","defaultUrl":"https://clone-3194a.web.app","appId":"1:152410974632:web:72ed672b8d3e602e4a959d","type":"DEFAULT_SITE"}]}
[debug] [2023-06-22T17:27:46.991Z] >>> [apiv2][query] GET https://firebase.googleapis.com/v1beta1/projects/clone-3194a/webApps/1:152410974632:web:72ed672b8d3e602e4a959d/config [none]
[debug] [2023-06-22T17:27:48.336Z] <<< [apiv2][status] GET https://firebase.googleapis.com/v1beta1/projects/clone-3194a/webApps/1:152410974632:web:72ed672b8d3e602e4a959d/config 200
[debug] [2023-06-22T17:27:48.336Z] <<< [apiv2][body] GET https://firebase.googleapis.com/v1beta1/projects/clone-3194a/webApps/1:152410974632:web:72ed672b8d3e602e4a959d/config {"projectId":"clone-3194a","appId":"1:152410974632:web:72ed672b8d3e602e4a959d","storageBucket":"clone-3194a.appspot.com","apiKey":"AIzaSyDeyxlSMU9fnt9LT5ihFjGlDl9hxf2q_EM","authDomain":"clone-3194a.firebaseapp.com","messagingSenderId":"152410974632","measurementId":"G-TVE3V7DR1P"}
[debug] [2023-06-22T17:27:48.352Z] >>> [apiv2][query] GET https://firebase.googleapis.com/v1beta1/projects/clone-3194a [none]
[debug] [2023-06-22T17:27:48.871Z] <<< [apiv2][status] GET https://firebase.googleapis.com/v1beta1/projects/clone-3194a 200
[debug] [2023-06-22T17:27:48.872Z] <<< [apiv2][body] GET https://firebase.googleapis.com/v1beta1/projects/clone-3194a {"projectId":"clone-3194a","projectNumber":"152410974632","displayName":"amazon-clone","name":"projects/clone-3194a","resources":{"hostingSite":"clone-3194a"},"state":"ACTIVE","etag":"1_7e2f7fa7-8a13-4159-8926-f64fde567f3a"}
[info] i  hosting[clone-3194a]: Serving hosting files from: build {"metadata":{"emulator":{"name":"hosting"},"message":"Serving hosting files from: \u001b[1mbuild\u001b[22m"}}
[info] +  hosting[clone-3194a]: Local server: http://127.0.0.1:5000 {"metadata":{"emulator":{"name":"hosting"},"message":"Local server: \u001b[4m\u001b[1mhttp://127.0.0.1:5000\u001b[22m\u001b[24m"}}
[debug] [2023-06-22T17:27:48.905Z] Ignoring unsupported arg: auto_download {"metadata":{"emulator":{"name":"ui"},"message":"Ignoring unsupported arg: auto_download"}}
[debug] [2023-06-22T17:27:48.905Z] Ignoring unsupported arg: port {"metadata":{"emulator":{"name":"ui"},"message":"Ignoring unsupported arg: port"}}
[debug] [2023-06-22T17:27:48.905Z] Starting Emulator UI with command {"binary":"node","args":["C:\\Users\\anura\\.cache\\firebase\\emulators\\ui-v1.11.6\\server\\server.js"],"optionalArgs":[],"joinArgs":false} {"metadata":{"emulator":{"name":"ui"},"message":"Starting Emulator UI with command {\"binary\":\"node\",\"args\":[\"C:\\\\Users\\\\anura\\\\.cache\\\\firebase\\\\emulators\\\\ui-v1.11.6\\\\server\\\\server.js\"],\"optionalArgs\":[],\"joinArgs\":false}"}}
[info] i  ui: Emulator UI logging to ui-debug.log {"metadata":{"emulator":{"name":"ui"},"message":"Emulator UI logging to \u001b[1mui-debug.log\u001b[22m"}}
[debug] [2023-06-22T17:27:49.011Z] Web / API server started at 127.0.0.1:4000
 {"metadata":{"emulator":{"name":"ui"},"message":"Web / API server started at 127.0.0.1:4000\n"}}
[debug] [2023-06-22T17:27:49.011Z] Web / API server started at ::1:4000
 {"metadata":{"emulator":{"name":"ui"},"message":"Web / API server started at ::1:4000\n"}}
[info] i  functions: Watching "D:\WEB DEVELOPMENT\amazonClone\amazon-clone\functions" for Cloud Functions... {"metadata":{"emulator":{"name":"functions"},"message":"Watching \"D:\\WEB DEVELOPMENT\\amazonClone\\amazon-clone\\functions\" for Cloud Functions..."}}
[debug] [2023-06-22T17:27:49.178Z] Validating nodejs source
[debug] [2023-06-22T17:27:50.372Z] > [functions] package.json contents: {
  "name": "functions",
  "description": "Cloud Functions for Firebase",
  "scripts": {
    "lint": "eslint .",
    "serve": "firebase emulators:start --only functions",
    "shell": "firebase functions:shell",
    "start": "npm run shell",
    "deploy": "firebase deploy --only functions",
    "logs": "firebase functions:log"
  },
  "engines": {
    "node": "18"
  },
  "main": "index.js",
  "dependencies": {
    "cors": "^2.8.5",
    "express": "^4.18.2",
    "firebase-admin": "^11.8.0",
    "firebase-functions": "^4.3.1",
    "force": "^0.0.3",
    "stripe": "^12.9.0"
  },
  "devDependencies": {
    "eslint": "^8.15.0",
    "eslint-config-google": "^0.14.0",
    "firebase-functions-test": "^3.1.0"
  },
  "private": true
}
[debug] [2023-06-22T17:27:50.372Z] Building nodejs source
[debug] [2023-06-22T17:27:50.372Z] Failed to find version of module node: reached end of search path D:\WEB DEVELOPMENT\amazonClone\amazon-clone\functions\node_modules
[info] +  functions: Using node@18 from host. 
[debug] [2023-06-22T17:27:50.374Z] Could not find functions.yaml. Must use http discovery
[debug] [2023-06-22T17:27:50.379Z] Found firebase-functions binary at 'D:\WEB DEVELOPMENT\amazonClone\amazon-clone\functions\node_modules\.bin\firebase-functions'
[debug] [2023-06-22T17:27:50.580Z] Serving at port 8934

[debug] [2023-06-22T17:27:50.591Z] Got response from /__/functions.yaml Failed to generate manifest from function source: SyntaxError: Cannot use import statement outside a module
[debug] [2023-06-22T17:27:50.593Z] Failed to parse functions.yaml incomplete explicit mapping pair; a key node is missed; or followed by a non-tabulated empty line at line 1, column 62:
     ... rom function source: SyntaxError: Cannot use import statement ou ... 
                                         ^ {"name":"YAMLException","reason":"incomplete explicit mapping pair; a key node is missed; or followed by a non-tabulated empty line","mark":{"name":null,"buffer":"Failed to generate manifest from function source: SyntaxError: Cannot use import statement outside a module\n\u0000","position":61,"line":0,"column":61},"message":"incomplete explicit mapping pair; a key node is missed; or followed by a non-tabulated empty line at line 1, column 62:\n     ... rom function source: SyntaxError: Cannot use import statement ou ... \n                                         ^"}
[debug] [2023-06-22T17:27:50.596Z] shutdown requested via /__/quitquitquit

[error] !!  functions: Failed to load function definition from source: FirebaseError: Failed to load function definition from source: Failed to generate manifest from function source: SyntaxError: Cannot use import statement outside a module {"metadata":{"emulator":{"name":"functions"},"message":"Failed to load function definition from source: FirebaseError: Failed to load function definition from source: Failed to generate manifest from function source: SyntaxError: Cannot use import statement outside a module"}}
[info] 
┌─────────────────────────────────────────────────────────────┐
│ ✔  All emulators ready! It is now safe to connect your app. │
│ i  View Emulator UI at http://127.0.0.1:4000/               │
└─────────────────────────────────────────────────────────────┘

┌───────────┬────────────────┬─────────────────────────────────┐
│ Emulator  │ Host:Port      │ View in Emulator UI             │
├───────────┼────────────────┼─────────────────────────────────┤
│ Functions │ 127.0.0.1:5001 │ http://127.0.0.1:4000/functions │
├───────────┼────────────────┼─────────────────────────────────┤
│ Hosting   │ 127.0.0.1:5000 │ n/a                             │
└───────────┴────────────────┴─────────────────────────────────┘
  Emulator Hub running at 127.0.0.1:4400
  Other reserved ports: 4500

Issues? Report them at https://github.com/firebase/firebase-tools/issues and attach the *-debug.log files.
 
[debug] [2023-06-22T20:04:51.961Z] [work-queue] {"queuedWork":["/clone-3194a/us-central1/api/payment/create-2023-06-22T20:04:51.944Z"],"queueLength":1,"runningWork":[],"workRunningCount":0}
[debug] [2023-06-22T20:04:51.991Z] [work-queue] {"queuedWork":[],"queueLength":0,"runningWork":["/clone-3194a/us-central1/api/payment/create-2023-06-22T20:04:51.944Z"],"workRunningCount":1}
[debug] [2023-06-22T20:04:52.010Z] [work-queue] {"queuedWork":[],"queueLength":0,"runningWork":[],"workRunningCount":0}
[debug] [2023-06-22T20:04:52.015Z] [work-queue] {"queuedWork":["/clone-3194a/us-central1/api/payment/create-2023-06-22T20:04:52.015Z"],"queueLength":1,"runningWork":[],"workRunningCount":0}
[debug] [2023-06-22T20:04:52.015Z] [work-queue] {"queuedWork":[],"queueLength":0,"runningWork":["/clone-3194a/us-central1/api/payment/create-2023-06-22T20:04:52.015Z"],"workRunningCount":1}
[debug] [2023-06-22T20:04:52.017Z] [work-queue] {"queuedWork":[],"queueLength":0,"runningWork":[],"workRunningCount":0}
[debug] [2023-06-22T20:12:20.551Z] [work-queue] {"queuedWork":["/clone-3194a/us-central1/api/payment/create-2023-06-22T20:12:20.551Z"],"queueLength":1,"runningWork":[],"workRunningCount":0}
[debug] [2023-06-22T20:12:20.554Z] [work-queue] {"queuedWork":[],"queueLength":0,"runningWork":["/clone-3194a/us-central1/api/payment/create-2023-06-22T20:12:20.551Z"],"workRunningCount":1}
[debug] [2023-06-22T20:12:20.557Z] [work-queue] {"queuedWork":[],"queueLength":0,"runningWork":[],"workRunningCount":0}
[debug] [2023-06-22T20:12:20.564Z] [work-queue] {"queuedWork":["/clone-3194a/us-central1/api/payment/create-2023-06-22T20:12:20.563Z"],"queueLength":1,"runningWork":[],"workRunningCount":0}
[debug] [2023-06-22T20:12:20.567Z] [work-queue] {"queuedWork":[],"queueLength":0,"runningWork":["/clone-3194a/us-central1/api/payment/create-2023-06-22T20:12:20.563Z"],"workRunningCount":1}
[debug] [2023-06-22T20:12:20.573Z] [work-queue] {"queuedWork":[],"queueLength":0,"runningWork":[],"workRunningCount":0}
